

Microchip MPLAB XC8 Assembler V2.35 build 20211206165544 
                                                                                               Sat Apr 09 12:02:55 2022

Microchip MPLAB XC8 C Compiler v2.35 (Free license) build 20211206165544 Og1 
     1                           	processor	16F887
     2                           	pagewidth 120
     3                           	opt	flic
     4                           	psect	nvBANK0,global,class=BANK0,space=1,delta=1,noexec
     5                           	psect	cinit,global,class=CODE,merge=1,delta=2
     6                           	psect	bssCOMMON,global,class=COMMON,space=1,delta=1,noexec
     7                           	psect	bssBANK0,global,class=BANK0,space=1,delta=1,noexec
     8                           	psect	cstackCOMMON,global,class=COMMON,space=1,delta=1,noexec
     9                           	psect	cstackBANK0,global,class=BANK0,space=1,delta=1,noexec
    10                           	psect	maintext,global,class=CODE,split=1,delta=2
    11                           	psect	text1,local,class=CODE,merge=1,delta=2
    12                           	psect	text2,local,class=CODE,merge=1,delta=2
    13                           	psect	text3,local,class=CODE,merge=1,delta=2,group=1
    14                           	psect	text4,local,class=CODE,merge=1,delta=2,group=1
    15                           	psect	text5,local,class=CODE,merge=1,delta=2
    16                           	psect	intentry,global,class=CODE,delta=2
    17                           	psect	text6,local,class=CODE,merge=1,delta=2
    18                           	psect	text7,local,class=CODE,merge=1,delta=2
    19                           	psect	idloc,global,abs,ovrld,class=IDLOC,space=5,delta=2,noexec
    20                           	psect	config,global,abs,ovrld,class=CONFIG,space=4,delta=2,noexec
    21                           	dabs	1,0x7E,2
    22  0000                     
    23                           ; Version 2.40
    24                           ; Generated 17/11/2021 GMT
    25                           ; 
    26                           ; Copyright © 2021, Microchip Technology Inc. and its subsidiaries ("Microchip")
    27                           ; All rights reserved.
    28                           ; 
    29                           ; This software is developed by Microchip Technology Inc. and its subsidiaries ("Microch
      +                          ip").
    30                           ; 
    31                           ; Redistribution and use in source and binary forms, with or without modification, are
    32                           ; permitted provided that the following conditions are met:
    33                           ; 
    34                           ;     1. Redistributions of source code must retain the above copyright notice, this lis
      +                          t of
    35                           ;        conditions and the following disclaimer.
    36                           ; 
    37                           ;     2. Redistributions in binary form must reproduce the above copyright notice, this 
      +                          list
    38                           ;        of conditions and the following disclaimer in the documentation and/or other
    39                           ;        materials provided with the distribution. Publication is not required when
    40                           ;        this file is used in an embedded application.
    41                           ; 
    42                           ;     3. Microchip's name may not be used to endorse or promote products derived from th
      +                          is
    43                           ;        software without specific prior written permission.
    44                           ; 
    45                           ; THIS SOFTWARE IS PROVIDED BY MICROCHIP "AS IS" AND ANY EXPRESS OR IMPLIED WARRANTIES,
    46                           ; INCLUDING, BUT NOT LIMITED TO, THE IMPLIED WARRANTIES OF MERCHANTABILITY AND FITNESS F
      +                          OR
    47                           ; PURPOSE ARE DISCLAIMED.  IN NO EVENT SHALL MICROCHIP BE LIABLE FOR ANY DIRECT, INDIREC
      +                          T,
    48                           ; INCIDENTAL, SPECIAL, EXEMPLARY, OR CONSEQUENTIAL DAMAGES (INCLUDING BUT NOT LIMITED TO
    49                           ; PROCUREMENT OF SUBSTITUTE GOODS OR SERVICES; LOSS OF USE, DATA OR PROFITS; OR BUSINESS
    50                           ; INTERRUPTION) HOWSOEVER CAUSED AND ON ANY THEORY OF LIABILITY, WHETHER IN CONTRACT, ST
      +                          RICT
    51                           ; LIABILITY, OR TORT (INCLUDING NEGLIGENCE OR OTHERWISE) ARISING IN ANY WAY OUT OF THE U
      +                          SE OF
    52                           ; THIS SOFTWARE, EVEN IF ADVISED OF THE POSSIBILITY OF SUCH DAMAGE.
    53                           ; 
    54                           ; 
    55                           ; Code-generator required, PIC16F887 Definitions
    56                           ; 
    57                           ; SFR Addresses
    58  0000                     	;# 
    59  0001                     	;# 
    60  0002                     	;# 
    61  0003                     	;# 
    62  0004                     	;# 
    63  0005                     	;# 
    64  0006                     	;# 
    65  0007                     	;# 
    66  0008                     	;# 
    67  0009                     	;# 
    68  000A                     	;# 
    69  000B                     	;# 
    70  000C                     	;# 
    71  000D                     	;# 
    72  000E                     	;# 
    73  000E                     	;# 
    74  000F                     	;# 
    75  0010                     	;# 
    76  0011                     	;# 
    77  0012                     	;# 
    78  0013                     	;# 
    79  0014                     	;# 
    80  0015                     	;# 
    81  0015                     	;# 
    82  0016                     	;# 
    83  0017                     	;# 
    84  0018                     	;# 
    85  0019                     	;# 
    86  001A                     	;# 
    87  001B                     	;# 
    88  001B                     	;# 
    89  001C                     	;# 
    90  001D                     	;# 
    91  001E                     	;# 
    92  001F                     	;# 
    93  0081                     	;# 
    94  0085                     	;# 
    95  0086                     	;# 
    96  0087                     	;# 
    97  0088                     	;# 
    98  0089                     	;# 
    99  008C                     	;# 
   100  008D                     	;# 
   101  008E                     	;# 
   102  008F                     	;# 
   103  0090                     	;# 
   104  0091                     	;# 
   105  0092                     	;# 
   106  0093                     	;# 
   107  0093                     	;# 
   108  0093                     	;# 
   109  0094                     	;# 
   110  0095                     	;# 
   111  0096                     	;# 
   112  0097                     	;# 
   113  0098                     	;# 
   114  0099                     	;# 
   115  009A                     	;# 
   116  009B                     	;# 
   117  009C                     	;# 
   118  009D                     	;# 
   119  009E                     	;# 
   120  009F                     	;# 
   121  0105                     	;# 
   122  0107                     	;# 
   123  0108                     	;# 
   124  0109                     	;# 
   125  010C                     	;# 
   126  010C                     	;# 
   127  010D                     	;# 
   128  010E                     	;# 
   129  010F                     	;# 
   130  0185                     	;# 
   131  0187                     	;# 
   132  0188                     	;# 
   133  0189                     	;# 
   134  018C                     	;# 
   135  018D                     	;# 
   136  0000                     	;# 
   137  0001                     	;# 
   138  0002                     	;# 
   139  0003                     	;# 
   140  0004                     	;# 
   141  0005                     	;# 
   142  0006                     	;# 
   143  0007                     	;# 
   144  0008                     	;# 
   145  0009                     	;# 
   146  000A                     	;# 
   147  000B                     	;# 
   148  000C                     	;# 
   149  000D                     	;# 
   150  000E                     	;# 
   151  000E                     	;# 
   152  000F                     	;# 
   153  0010                     	;# 
   154  0011                     	;# 
   155  0012                     	;# 
   156  0013                     	;# 
   157  0014                     	;# 
   158  0015                     	;# 
   159  0015                     	;# 
   160  0016                     	;# 
   161  0017                     	;# 
   162  0018                     	;# 
   163  0019                     	;# 
   164  001A                     	;# 
   165  001B                     	;# 
   166  001B                     	;# 
   167  001C                     	;# 
   168  001D                     	;# 
   169  001E                     	;# 
   170  001F                     	;# 
   171  0081                     	;# 
   172  0085                     	;# 
   173  0086                     	;# 
   174  0087                     	;# 
   175  0088                     	;# 
   176  0089                     	;# 
   177  008C                     	;# 
   178  008D                     	;# 
   179  008E                     	;# 
   180  008F                     	;# 
   181  0090                     	;# 
   182  0091                     	;# 
   183  0092                     	;# 
   184  0093                     	;# 
   185  0093                     	;# 
   186  0093                     	;# 
   187  0094                     	;# 
   188  0095                     	;# 
   189  0096                     	;# 
   190  0097                     	;# 
   191  0098                     	;# 
   192  0099                     	;# 
   193  009A                     	;# 
   194  009B                     	;# 
   195  009C                     	;# 
   196  009D                     	;# 
   197  009E                     	;# 
   198  009F                     	;# 
   199  0105                     	;# 
   200  0107                     	;# 
   201  0108                     	;# 
   202  0109                     	;# 
   203  010C                     	;# 
   204  010C                     	;# 
   205  010D                     	;# 
   206  010E                     	;# 
   207  010F                     	;# 
   208  0185                     	;# 
   209  0187                     	;# 
   210  0188                     	;# 
   211  0189                     	;# 
   212  018C                     	;# 
   213  018D                     	;# 
   214                           
   215                           	psect	nvBANK0
   216  002B                     __pnvBANK0:
   217  002B                     _numero:
   218  002B                     	ds	1
   219  002C                     _centenas:
   220  002C                     	ds	1
   221  002D                     _decenas:
   222  002D                     	ds	1
   223  002E                     _unidades:
   224  002E                     	ds	1
   225  002F                     _var_tmr0:
   226  002F                     	ds	1
   227  0009                     _PORTE	set	9
   228  0008                     _PORTD	set	8
   229  0007                     _PORTC	set	7
   230  0001                     _TMR0	set	1
   231  0005                     _PORTA	set	5
   232  000B                     _INTCONbits	set	11
   233  0031                     _RB1	set	49
   234  0030                     _RB0	set	48
   235  0096                     _IOCBbits	set	150
   236  0095                     _WPUBbits	set	149
   237  0081                     _OPTION_REGbits	set	129
   238  0086                     _TRISB	set	134
   239  0088                     _TRISD	set	136
   240  0089                     _TRISE	set	137
   241  0085                     _TRISA	set	133
   242  0087                     _TRISC	set	135
   243  0189                     _ANSELH	set	393
   244  0188                     _ANSEL	set	392
   245                           
   246                           	psect	cinit
   247  0011                     start_initialization:	
   248                           ; #config settings
   249                           
   250  0011                     __initialization:
   251                           
   252                           ; Clear objects allocated to COMMON
   253  0011  01FB               	clrf	__pbssCOMMON& (0+127)
   254  0012  01FC               	clrf	(__pbssCOMMON+1)& (0+127)
   255  0013  01FD               	clrf	(__pbssCOMMON+2)& (0+127)
   256                           
   257                           ; Clear objects allocated to BANK0
   258  0014  1283               	bcf	3,5	;RP0=0, select bank0
   259  0015  1303               	bcf	3,6	;RP1=0, select bank0
   260  0016  01B0               	clrf	__pbssBANK0& (0+127)
   261  0017                     end_of_initialization:	
   262                           ;End of C runtime variable initialization code
   263                           
   264  0017                     __end_of__initialization:
   265  0017  0183               	clrf	3
   266  0018  120A  118A  2A25   	ljmp	_main	;jump to C main() function
   267                           
   268                           	psect	bssCOMMON
   269  007B                     __pbssCOMMON:
   270  007B                     _segD:
   271  007B                     	ds	1
   272  007C                     _segU:
   273  007C                     	ds	1
   274  007D                     _bandera:
   275  007D                     	ds	1
   276                           
   277                           	psect	bssBANK0
   278  0030                     __pbssBANK0:
   279  0030                     _segC:
   280  0030                     	ds	1
   281                           
   282                           	psect	cstackCOMMON
   283  0070                     __pcstackCOMMON:
   284  0070                     ?_multi:
   285  0070                     ?_setup:	
   286                           ; 1 bytes @ 0x0
   287                           
   288  0070                     ?_convertir:	
   289                           ; 1 bytes @ 0x0
   290                           
   291  0070                     ?_Tabla:	
   292                           ; 1 bytes @ 0x0
   293                           
   294  0070                     ??_Tabla:	
   295                           ; 1 bytes @ 0x0
   296                           
   297  0070                     ?_isr:	
   298                           ; 1 bytes @ 0x0
   299                           
   300  0070                     ?_main:	
   301                           ; 1 bytes @ 0x0
   302                           
   303                           
   304                           ; 1 bytes @ 0x0
   305  0070                     	ds	2
   306  0072                     Tabla@numero7:
   307                           
   308                           ; 1 bytes @ 0x2
   309  0072                     	ds	1
   310  0073                     Tabla@seg:
   311                           
   312                           ; 1 bytes @ 0x3
   313  0073                     	ds	1
   314  0074                     Tabla@valor:
   315                           
   316                           ; 1 bytes @ 0x4
   317  0074                     	ds	1
   318  0075                     ??_multi:
   319                           
   320                           ; 1 bytes @ 0x5
   321  0075                     	ds	2
   322  0077                     ??_isr:
   323                           
   324                           ; 1 bytes @ 0x7
   325  0077                     	ds	4
   326                           
   327                           	psect	cstackBANK0
   328  0020                     __pcstackBANK0:
   329  0020                     ??_setup:
   330  0020                     ?___bmul:	
   331                           ; 1 bytes @ 0x0
   332                           
   333  0020                     ?___awdiv:	
   334                           ; 1 bytes @ 0x0
   335                           
   336  0020                     ___bmul@multiplicand:	
   337                           ; 2 bytes @ 0x0
   338                           
   339  0020                     ___awdiv@divisor:	
   340                           ; 1 bytes @ 0x0
   341                           
   342                           
   343                           ; 2 bytes @ 0x0
   344  0020                     	ds	1
   345  0021                     ??___bmul:
   346                           
   347                           ; 1 bytes @ 0x1
   348  0021                     	ds	1
   349  0022                     ___bmul@product:
   350  0022                     ___awdiv@dividend:	
   351                           ; 1 bytes @ 0x2
   352                           
   353                           
   354                           ; 2 bytes @ 0x2
   355  0022                     	ds	1
   356  0023                     ___bmul@multiplier:
   357                           
   358                           ; 1 bytes @ 0x3
   359  0023                     	ds	1
   360  0024                     ??___awdiv:
   361                           
   362                           ; 1 bytes @ 0x4
   363  0024                     	ds	1
   364  0025                     ___awdiv@counter:
   365                           
   366                           ; 1 bytes @ 0x5
   367  0025                     	ds	1
   368  0026                     ___awdiv@sign:
   369                           
   370                           ; 1 bytes @ 0x6
   371  0026                     	ds	1
   372  0027                     ___awdiv@quotient:
   373                           
   374                           ; 2 bytes @ 0x7
   375  0027                     	ds	2
   376  0029                     ??_convertir:
   377                           
   378                           ; 1 bytes @ 0x9
   379  0029                     	ds	2
   380  002B                     ??_main:
   381                           
   382                           	psect	maintext
   383  0225                     __pmaintext:	
   384                           ; 1 bytes @ 0xB
   385 ;;
   386 ;;Main: autosize = 0, tempsize = 0, incstack = 0, save=0
   387 ;;
   388 ;; *************** function _main *****************
   389 ;; Defined at:
   390 ;;		line 88 in file "Main_lab7.c"
   391 ;; Parameters:    Size  Location     Type
   392 ;;		None
   393 ;; Auto vars:     Size  Location     Type
   394 ;;		None
   395 ;; Return value:  Size  Location     Type
   396 ;;                  1    wreg      void 
   397 ;; Registers used:
   398 ;;		wreg, status,2, status,0, pclath, cstack
   399 ;; Tracked objects:
   400 ;;		On entry : B00/0
   401 ;;		On exit  : 0/0
   402 ;;		Unchanged: 0/0
   403 ;; Data sizes:     COMMON   BANK0   BANK1   BANK3   BANK2
   404 ;;      Params:         0       0       0       0       0
   405 ;;      Locals:         0       0       0       0       0
   406 ;;      Temps:          0       0       0       0       0
   407 ;;      Totals:         0       0       0       0       0
   408 ;;Total ram usage:        0 bytes
   409 ;; Hardware stack levels required when called: 5
   410 ;; This function calls:
   411 ;;		_convertir
   412 ;;		_setup
   413 ;; This function is called by:
   414 ;;		Startup code after reset
   415 ;; This function uses a non-reentrant model
   416 ;;
   417                           
   418  0225                     _main:	
   419                           ;psect for function _main
   420                           
   421  0225                     l1198:	
   422                           ;incstack = 0
   423                           ; Regs used in _main: [wreg+status,2+status,0+pclath+cstack]
   424                           
   425                           
   426                           ;Main_lab7.c: 89:     setup();
   427  0225  120A  118A  21B4  120A  118A  	fcall	_setup
   428  022A                     l76:	
   429                           ;Main_lab7.c: 90:     while(1){
   430                           
   431                           
   432                           ;Main_lab7.c: 91:         convertir();
   433  022A  120A  118A  2116  120A  118A  	fcall	_convertir
   434  022F                     l1200:
   435                           
   436                           ;Main_lab7.c: 92:         PORTC = 113;
   437  022F  3071               	movlw	113
   438  0230  1283               	bcf	3,5	;RP0=0, select bank0
   439  0231  1303               	bcf	3,6	;RP1=0, select bank0
   440  0232  0087               	movwf	7	;volatile
   441  0233  2A2A               	goto	l76
   442  0234  120A  118A  280E   	ljmp	start
   443  0237                     __end_of_main:
   444                           
   445                           	psect	text1
   446  01B4                     __ptext1:	
   447 ;; *************** function _setup *****************
   448 ;; Defined at:
   449 ;;		line 104 in file "Main_lab7.c"
   450 ;; Parameters:    Size  Location     Type
   451 ;;		None
   452 ;; Auto vars:     Size  Location     Type
   453 ;;		None
   454 ;; Return value:  Size  Location     Type
   455 ;;                  1    wreg      void 
   456 ;; Registers used:
   457 ;;		wreg, status,2
   458 ;; Tracked objects:
   459 ;;		On entry : 0/0
   460 ;;		On exit  : 0/0
   461 ;;		Unchanged: 0/0
   462 ;; Data sizes:     COMMON   BANK0   BANK1   BANK3   BANK2
   463 ;;      Params:         0       0       0       0       0
   464 ;;      Locals:         0       0       0       0       0
   465 ;;      Temps:          0       1       0       0       0
   466 ;;      Totals:         0       1       0       0       0
   467 ;;Total ram usage:        1 bytes
   468 ;; Hardware stack levels used: 1
   469 ;; Hardware stack levels required when called: 3
   470 ;; This function calls:
   471 ;;		Nothing
   472 ;; This function is called by:
   473 ;;		_main
   474 ;; This function uses a non-reentrant model
   475 ;;
   476                           
   477  01B4                     _setup:	
   478                           ;psect for function _setup
   479                           
   480  01B4                     l1114:	
   481                           ;incstack = 0
   482                           ; Regs used in _setup: [wreg+status,2]
   483                           
   484                           
   485                           ;Main_lab7.c: 105:     var_tmr0 = 248;
   486  01B4  30F8               	movlw	248
   487  01B5  1283               	bcf	3,5	;RP0=0, select bank0
   488  01B6  1303               	bcf	3,6	;RP1=0, select bank0
   489  01B7  00A0               	movwf	??_setup
   490  01B8  0820               	movf	??_setup,w
   491  01B9  00AF               	movwf	_var_tmr0
   492  01BA                     l1116:
   493                           
   494                           ;Main_lab7.c: 107:     ANSEL = 0;
   495  01BA  1683               	bsf	3,5	;RP0=1, select bank3
   496  01BB  1703               	bsf	3,6	;RP1=1, select bank3
   497  01BC  0188               	clrf	8	;volatile
   498  01BD                     l1118:
   499                           
   500                           ;Main_lab7.c: 108:     ANSELH = 0b00000000;
   501  01BD  0189               	clrf	9	;volatile
   502  01BE                     l1120:
   503                           
   504                           ;Main_lab7.c: 110:     TRISC = 0x00;
   505  01BE  1683               	bsf	3,5	;RP0=1, select bank1
   506  01BF  1303               	bcf	3,6	;RP1=0, select bank1
   507  01C0  0187               	clrf	7	;volatile
   508  01C1                     l1122:
   509                           
   510                           ;Main_lab7.c: 111:     TRISA = 0x00;
   511  01C1  0185               	clrf	5	;volatile
   512  01C2                     l1124:
   513                           
   514                           ;Main_lab7.c: 112:     TRISE = 0x00;
   515  01C2  0189               	clrf	9	;volatile
   516  01C3                     l1126:
   517                           
   518                           ;Main_lab7.c: 113:     TRISD = 0x00;
   519  01C3  0188               	clrf	8	;volatile
   520  01C4                     l1128:
   521                           
   522                           ;Main_lab7.c: 115:     PORTC = 0;
   523  01C4  1283               	bcf	3,5	;RP0=0, select bank0
   524  01C5  1303               	bcf	3,6	;RP1=0, select bank0
   525  01C6  0187               	clrf	7	;volatile
   526  01C7                     l1130:
   527                           
   528                           ;Main_lab7.c: 116:     PORTA = 0;
   529  01C7  0185               	clrf	5	;volatile
   530  01C8                     l1132:
   531                           
   532                           ;Main_lab7.c: 117:     PORTD = 0;
   533  01C8  0188               	clrf	8	;volatile
   534  01C9                     l1134:
   535                           
   536                           ;Main_lab7.c: 118:     PORTE = 0;
   537  01C9  0189               	clrf	9	;volatile
   538                           
   539                           ;Main_lab7.c: 123:     TRISB = 0b00000011;
   540  01CA  3003               	movlw	3
   541  01CB  1683               	bsf	3,5	;RP0=1, select bank1
   542  01CC  1303               	bcf	3,6	;RP1=0, select bank1
   543  01CD  0086               	movwf	6	;volatile
   544  01CE                     l1136:
   545                           
   546                           ;Main_lab7.c: 126:     OPTION_REGbits.nRBPU = 0;
   547  01CE  1381               	bcf	1,7	;volatile
   548  01CF                     l1138:
   549                           
   550                           ;Main_lab7.c: 127:     WPUBbits.WPUB0 = 1;
   551  01CF  1415               	bsf	21,0	;volatile
   552  01D0                     l1140:
   553                           
   554                           ;Main_lab7.c: 128:     WPUBbits.WPUB1 = 1;
   555  01D0  1495               	bsf	21,1	;volatile
   556  01D1                     l1142:
   557                           
   558                           ;Main_lab7.c: 130:     INTCONbits.GIE = 1;
   559  01D1  178B               	bsf	11,7	;volatile
   560  01D2                     l1144:
   561                           
   562                           ;Main_lab7.c: 131:     INTCONbits.RBIE = 1;
   563  01D2  158B               	bsf	11,3	;volatile
   564  01D3                     l1146:
   565                           
   566                           ;Main_lab7.c: 132:     INTCONbits.T0IE = 1;
   567  01D3  168B               	bsf	11,5	;volatile
   568  01D4                     l1148:
   569                           
   570                           ;Main_lab7.c: 133:     IOCBbits.IOCB0 = 1;
   571  01D4  1416               	bsf	22,0	;volatile
   572  01D5                     l1150:
   573                           
   574                           ;Main_lab7.c: 134:     IOCBbits.IOCB1 = 1;
   575  01D5  1496               	bsf	22,1	;volatile
   576  01D6                     l1152:
   577                           
   578                           ;Main_lab7.c: 136:     INTCONbits.RBIF = 0;
   579  01D6  100B               	bcf	11,0	;volatile
   580  01D7                     l1154:
   581                           
   582                           ;Main_lab7.c: 137:     INTCONbits.T0IF = 0;
   583  01D7  110B               	bcf	11,2	;volatile
   584  01D8                     l1156:
   585                           
   586                           ;Main_lab7.c: 140:     OPTION_REGbits.T0CS = 0;
   587  01D8  1281               	bcf	1,5	;volatile
   588  01D9                     l1158:
   589                           
   590                           ;Main_lab7.c: 141:     OPTION_REGbits.PSA = 0;
   591  01D9  1181               	bcf	1,3	;volatile
   592  01DA                     l1160:
   593                           
   594                           ;Main_lab7.c: 142:     OPTION_REGbits.PS2 = 1;
   595  01DA  1501               	bsf	1,2	;volatile
   596  01DB                     l1162:
   597                           
   598                           ;Main_lab7.c: 143:     OPTION_REGbits.PS1 = 1;
   599  01DB  1481               	bsf	1,1	;volatile
   600  01DC                     l1164:
   601                           
   602                           ;Main_lab7.c: 144:     OPTION_REGbits.PS0 = 1;
   603  01DC  1401               	bsf	1,0	;volatile
   604                           
   605                           ;Main_lab7.c: 145:     TMR0 = var_tmr0;
   606  01DD  1283               	bcf	3,5	;RP0=0, select bank0
   607  01DE  1303               	bcf	3,6	;RP1=0, select bank0
   608  01DF  082F               	movf	_var_tmr0,w
   609  01E0  0081               	movwf	1	;volatile
   610  01E1                     l82:
   611  01E1  0008               	return
   612  01E2                     __end_of_setup:
   613                           
   614                           	psect	text2
   615  0116                     __ptext2:	
   616 ;; *************** function _convertir *****************
   617 ;; Defined at:
   618 ;;		line 177 in file "Main_lab7.c"
   619 ;; Parameters:    Size  Location     Type
   620 ;;		None
   621 ;; Auto vars:     Size  Location     Type
   622 ;;		None
   623 ;; Return value:  Size  Location     Type
   624 ;;                  1    wreg      void 
   625 ;; Registers used:
   626 ;;		wreg, status,2, status,0, pclath, cstack
   627 ;; Tracked objects:
   628 ;;		On entry : 0/0
   629 ;;		On exit  : 0/0
   630 ;;		Unchanged: 0/0
   631 ;; Data sizes:     COMMON   BANK0   BANK1   BANK3   BANK2
   632 ;;      Params:         0       0       0       0       0
   633 ;;      Locals:         0       0       0       0       0
   634 ;;      Temps:          0       2       0       0       0
   635 ;;      Totals:         0       2       0       0       0
   636 ;;Total ram usage:        2 bytes
   637 ;; Hardware stack levels used: 1
   638 ;; Hardware stack levels required when called: 4
   639 ;; This function calls:
   640 ;;		___awdiv
   641 ;;		___bmul
   642 ;; This function is called by:
   643 ;;		_main
   644 ;; This function uses a non-reentrant model
   645 ;;
   646                           
   647  0116                     _convertir:	
   648                           ;psect for function _convertir
   649                           
   650  0116                     l1166:	
   651                           ;incstack = 0
   652                           ; Regs used in _convertir: [wreg+status,2+status,0+pclath+cstack]
   653                           
   654                           
   655                           ;Main_lab7.c: 178:     numero = PORTC;
   656  0116  1283               	bcf	3,5	;RP0=0, select bank0
   657  0117  1303               	bcf	3,6	;RP1=0, select bank0
   658  0118  0807               	movf	7,w	;volatile
   659  0119  00A9               	movwf	??_convertir
   660  011A  0829               	movf	??_convertir,w
   661  011B  00AB               	movwf	_numero
   662  011C                     l1168:
   663                           
   664                           ;Main_lab7.c: 179:     centenas = numero / 100;
   665  011C  3064               	movlw	100
   666  011D  00A0               	movwf	___awdiv@divisor
   667  011E  3000               	movlw	0
   668  011F  00A1               	movwf	___awdiv@divisor+1
   669  0120  082B               	movf	_numero,w
   670  0121  00A2               	movwf	___awdiv@dividend
   671  0122  01A3               	clrf	___awdiv@dividend+1
   672  0123  1BA2               	btfsc	___awdiv@dividend,7
   673  0124  03A3               	decf	___awdiv@dividend+1,f
   674  0125  120A  118A  20AD  120A  118A  	fcall	___awdiv
   675  012A  1283               	bcf	3,5	;RP0=0, select bank0
   676  012B  1303               	bcf	3,6	;RP1=0, select bank0
   677  012C  0820               	movf	?___awdiv,w
   678  012D  00A9               	movwf	??_convertir
   679  012E  0829               	movf	??_convertir,w
   680  012F  00AC               	movwf	_centenas
   681  0130                     l1170:
   682                           
   683                           ;Main_lab7.c: 180:     numero = numero - (centenas*100);
   684  0130  309C               	movlw	156
   685  0131  00A9               	movwf	??_convertir
   686  0132  0829               	movf	??_convertir,w
   687  0133  00A0               	movwf	___bmul@multiplicand
   688  0134  082C               	movf	_centenas,w
   689  0135  120A  118A  220E  120A  118A  	fcall	___bmul
   690  013A  1283               	bcf	3,5	;RP0=0, select bank0
   691  013B  1303               	bcf	3,6	;RP1=0, select bank0
   692  013C  072B               	addwf	_numero,w
   693  013D  00AA               	movwf	??_convertir+1
   694  013E  082A               	movf	??_convertir+1,w
   695  013F  00AB               	movwf	_numero
   696  0140                     l1172:
   697                           
   698                           ;Main_lab7.c: 181:     decenas = numero / 10;
   699  0140  300A               	movlw	10
   700  0141  00A0               	movwf	___awdiv@divisor
   701  0142  3000               	movlw	0
   702  0143  00A1               	movwf	___awdiv@divisor+1
   703  0144  082B               	movf	_numero,w
   704  0145  00A2               	movwf	___awdiv@dividend
   705  0146  01A3               	clrf	___awdiv@dividend+1
   706  0147  1BA2               	btfsc	___awdiv@dividend,7
   707  0148  03A3               	decf	___awdiv@dividend+1,f
   708  0149  120A  118A  20AD  120A  118A  	fcall	___awdiv
   709  014E  1283               	bcf	3,5	;RP0=0, select bank0
   710  014F  1303               	bcf	3,6	;RP1=0, select bank0
   711  0150  0820               	movf	?___awdiv,w
   712  0151  00A9               	movwf	??_convertir
   713  0152  0829               	movf	??_convertir,w
   714  0153  00AD               	movwf	_decenas
   715  0154                     l1174:
   716                           
   717                           ;Main_lab7.c: 182:     unidades = numero - (decenas*10);
   718  0154  30F6               	movlw	246
   719  0155  00A9               	movwf	??_convertir
   720  0156  0829               	movf	??_convertir,w
   721  0157  00A0               	movwf	___bmul@multiplicand
   722  0158  082D               	movf	_decenas,w
   723  0159  120A  118A  220E  120A  118A  	fcall	___bmul
   724  015E  1283               	bcf	3,5	;RP0=0, select bank0
   725  015F  1303               	bcf	3,6	;RP1=0, select bank0
   726  0160  072B               	addwf	_numero,w
   727  0161  00AA               	movwf	??_convertir+1
   728  0162  082A               	movf	??_convertir+1,w
   729  0163  00AE               	movwf	_unidades
   730  0164                     l93:
   731  0164  0008               	return
   732  0165                     __end_of_convertir:
   733                           
   734                           	psect	text3
   735  020E                     __ptext3:	
   736 ;; *************** function ___bmul *****************
   737 ;; Defined at:
   738 ;;		line 4 in file "C:\Program Files\Microchip\xc8\v2.35\pic\sources\c90\common\Umul8.c"
   739 ;; Parameters:    Size  Location     Type
   740 ;;  multiplier      1    wreg     unsigned char 
   741 ;;  multiplicand    1    0[BANK0 ] unsigned char 
   742 ;; Auto vars:     Size  Location     Type
   743 ;;  multiplier      1    3[BANK0 ] unsigned char 
   744 ;;  product         1    2[BANK0 ] unsigned char 
   745 ;; Return value:  Size  Location     Type
   746 ;;                  1    wreg      unsigned char 
   747 ;; Registers used:
   748 ;;		wreg, status,2, status,0
   749 ;; Tracked objects:
   750 ;;		On entry : 0/0
   751 ;;		On exit  : 0/0
   752 ;;		Unchanged: 0/0
   753 ;; Data sizes:     COMMON   BANK0   BANK1   BANK3   BANK2
   754 ;;      Params:         0       1       0       0       0
   755 ;;      Locals:         0       2       0       0       0
   756 ;;      Temps:          0       1       0       0       0
   757 ;;      Totals:         0       4       0       0       0
   758 ;;Total ram usage:        4 bytes
   759 ;; Hardware stack levels used: 1
   760 ;; Hardware stack levels required when called: 3
   761 ;; This function calls:
   762 ;;		Nothing
   763 ;; This function is called by:
   764 ;;		_convertir
   765 ;; This function uses a non-reentrant model
   766 ;;
   767                           
   768  020E                     ___bmul:	
   769                           ;psect for function ___bmul
   770                           
   771                           
   772                           ;incstack = 0
   773                           ; Regs used in ___bmul: [wreg+status,2+status,0]
   774                           ;___bmul@multiplier stored from wreg
   775  020E  1283               	bcf	3,5	;RP0=0, select bank0
   776  020F  1303               	bcf	3,6	;RP1=0, select bank0
   777  0210  00A3               	movwf	___bmul@multiplier
   778  0211                     l1020:
   779  0211  01A2               	clrf	___bmul@product
   780  0212                     l1022:
   781  0212  1C23               	btfss	___bmul@multiplier,0
   782  0213  2A15               	goto	u171
   783  0214  2A16               	goto	u170
   784  0215                     u171:
   785  0215  2A1A               	goto	l1026
   786  0216                     u170:
   787  0216                     l1024:
   788  0216  0820               	movf	___bmul@multiplicand,w
   789  0217  00A1               	movwf	??___bmul
   790  0218  0821               	movf	??___bmul,w
   791  0219  07A2               	addwf	___bmul@product,f
   792  021A                     l1026:
   793  021A  1003               	clrc
   794  021B  0DA0               	rlf	___bmul@multiplicand,f
   795  021C                     l1028:
   796  021C  1003               	clrc
   797  021D  0CA3               	rrf	___bmul@multiplier,f
   798  021E  0823               	movf	___bmul@multiplier,w
   799  021F  1D03               	btfss	3,2
   800  0220  2A22               	goto	u181
   801  0221  2A23               	goto	u180
   802  0222                     u181:
   803  0222  2A12               	goto	l1022
   804  0223                     u180:
   805  0223                     l1030:
   806  0223  0822               	movf	___bmul@product,w
   807  0224                     l226:
   808  0224  0008               	return
   809  0225                     __end_of___bmul:
   810                           
   811                           	psect	text4
   812  00AD                     __ptext4:	
   813 ;; *************** function ___awdiv *****************
   814 ;; Defined at:
   815 ;;		line 5 in file "C:\Program Files\Microchip\xc8\v2.35\pic\sources\c90\common\awdiv.c"
   816 ;; Parameters:    Size  Location     Type
   817 ;;  divisor         2    0[BANK0 ] int 
   818 ;;  dividend        2    2[BANK0 ] int 
   819 ;; Auto vars:     Size  Location     Type
   820 ;;  quotient        2    7[BANK0 ] int 
   821 ;;  sign            1    6[BANK0 ] unsigned char 
   822 ;;  counter         1    5[BANK0 ] unsigned char 
   823 ;; Return value:  Size  Location     Type
   824 ;;                  2    0[BANK0 ] int 
   825 ;; Registers used:
   826 ;;		wreg, status,2, status,0
   827 ;; Tracked objects:
   828 ;;		On entry : 0/0
   829 ;;		On exit  : 0/0
   830 ;;		Unchanged: 0/0
   831 ;; Data sizes:     COMMON   BANK0   BANK1   BANK3   BANK2
   832 ;;      Params:         0       4       0       0       0
   833 ;;      Locals:         0       4       0       0       0
   834 ;;      Temps:          0       1       0       0       0
   835 ;;      Totals:         0       9       0       0       0
   836 ;;Total ram usage:        9 bytes
   837 ;; Hardware stack levels used: 1
   838 ;; Hardware stack levels required when called: 3
   839 ;; This function calls:
   840 ;;		Nothing
   841 ;; This function is called by:
   842 ;;		_convertir
   843 ;; This function uses a non-reentrant model
   844 ;;
   845                           
   846  00AD                     ___awdiv:	
   847                           ;psect for function ___awdiv
   848                           
   849  00AD                     l1034:	
   850                           ;incstack = 0
   851                           ; Regs used in ___awdiv: [wreg+status,2+status,0]
   852                           
   853  00AD  1283               	bcf	3,5	;RP0=0, select bank0
   854  00AE  1303               	bcf	3,6	;RP1=0, select bank0
   855  00AF  01A6               	clrf	___awdiv@sign
   856  00B0                     l1036:
   857  00B0  1FA1               	btfss	___awdiv@divisor+1,7
   858  00B1  28B3               	goto	u191
   859  00B2  28B4               	goto	u190
   860  00B3                     u191:
   861  00B3  28BB               	goto	l1042
   862  00B4                     u190:
   863  00B4                     l1038:
   864  00B4  09A0               	comf	___awdiv@divisor,f
   865  00B5  09A1               	comf	___awdiv@divisor+1,f
   866  00B6  0AA0               	incf	___awdiv@divisor,f
   867  00B7  1903               	skipnz
   868  00B8  0AA1               	incf	___awdiv@divisor+1,f
   869  00B9                     l1040:
   870  00B9  01A6               	clrf	___awdiv@sign
   871  00BA  0AA6               	incf	___awdiv@sign,f
   872  00BB                     l1042:
   873  00BB  1FA3               	btfss	___awdiv@dividend+1,7
   874  00BC  28BE               	goto	u201
   875  00BD  28BF               	goto	u200
   876  00BE                     u201:
   877  00BE  28C8               	goto	l1048
   878  00BF                     u200:
   879  00BF                     l1044:
   880  00BF  09A2               	comf	___awdiv@dividend,f
   881  00C0  09A3               	comf	___awdiv@dividend+1,f
   882  00C1  0AA2               	incf	___awdiv@dividend,f
   883  00C2  1903               	skipnz
   884  00C3  0AA3               	incf	___awdiv@dividend+1,f
   885  00C4                     l1046:
   886  00C4  3001               	movlw	1
   887  00C5  00A4               	movwf	??___awdiv
   888  00C6  0824               	movf	??___awdiv,w
   889  00C7  06A6               	xorwf	___awdiv@sign,f
   890  00C8                     l1048:
   891  00C8  01A7               	clrf	___awdiv@quotient
   892  00C9  01A8               	clrf	___awdiv@quotient+1
   893  00CA                     l1050:
   894  00CA  0820               	movf	___awdiv@divisor,w
   895  00CB  0421               	iorwf	___awdiv@divisor+1,w
   896  00CC  1903               	btfsc	3,2
   897  00CD  28CF               	goto	u211
   898  00CE  28D0               	goto	u210
   899  00CF                     u211:
   900  00CF  2907               	goto	l1070
   901  00D0                     u210:
   902  00D0                     l1052:
   903  00D0  01A5               	clrf	___awdiv@counter
   904  00D1  0AA5               	incf	___awdiv@counter,f
   905  00D2  28DE               	goto	l1058
   906  00D3                     l1054:
   907  00D3  3001               	movlw	1
   908  00D4                     u225:
   909  00D4  1003               	clrc
   910  00D5  0DA0               	rlf	___awdiv@divisor,f
   911  00D6  0DA1               	rlf	___awdiv@divisor+1,f
   912  00D7  3EFF               	addlw	-1
   913  00D8  1D03               	skipz
   914  00D9  28D4               	goto	u225
   915  00DA                     l1056:
   916  00DA  3001               	movlw	1
   917  00DB  00A4               	movwf	??___awdiv
   918  00DC  0824               	movf	??___awdiv,w
   919  00DD  07A5               	addwf	___awdiv@counter,f
   920  00DE                     l1058:
   921  00DE  1FA1               	btfss	___awdiv@divisor+1,7
   922  00DF  28E1               	goto	u231
   923  00E0  28E2               	goto	u230
   924  00E1                     u231:
   925  00E1  28D3               	goto	l1054
   926  00E2                     u230:
   927  00E2                     l1060:
   928  00E2  3001               	movlw	1
   929  00E3                     u245:
   930  00E3  1003               	clrc
   931  00E4  0DA7               	rlf	___awdiv@quotient,f
   932  00E5  0DA8               	rlf	___awdiv@quotient+1,f
   933  00E6  3EFF               	addlw	-1
   934  00E7  1D03               	skipz
   935  00E8  28E3               	goto	u245
   936  00E9  0821               	movf	___awdiv@divisor+1,w
   937  00EA  0223               	subwf	___awdiv@dividend+1,w
   938  00EB  1D03               	skipz
   939  00EC  28EF               	goto	u255
   940  00ED  0820               	movf	___awdiv@divisor,w
   941  00EE  0222               	subwf	___awdiv@dividend,w
   942  00EF                     u255:
   943  00EF  1C03               	skipc
   944  00F0  28F2               	goto	u251
   945  00F1  28F3               	goto	u250
   946  00F2                     u251:
   947  00F2  28FA               	goto	l1066
   948  00F3                     u250:
   949  00F3                     l1062:
   950  00F3  0820               	movf	___awdiv@divisor,w
   951  00F4  02A2               	subwf	___awdiv@dividend,f
   952  00F5  0821               	movf	___awdiv@divisor+1,w
   953  00F6  1C03               	skipc
   954  00F7  03A3               	decf	___awdiv@dividend+1,f
   955  00F8  02A3               	subwf	___awdiv@dividend+1,f
   956  00F9                     l1064:
   957  00F9  1427               	bsf	___awdiv@quotient,0
   958  00FA                     l1066:
   959  00FA  3001               	movlw	1
   960  00FB                     u265:
   961  00FB  1003               	clrc
   962  00FC  0CA1               	rrf	___awdiv@divisor+1,f
   963  00FD  0CA0               	rrf	___awdiv@divisor,f
   964  00FE  3EFF               	addlw	-1
   965  00FF  1D03               	skipz
   966  0100  28FB               	goto	u265
   967  0101                     l1068:
   968  0101  3001               	movlw	1
   969  0102  02A5               	subwf	___awdiv@counter,f
   970  0103  1D03               	btfss	3,2
   971  0104  2906               	goto	u271
   972  0105  2907               	goto	u270
   973  0106                     u271:
   974  0106  28E2               	goto	l1060
   975  0107                     u270:
   976  0107                     l1070:
   977  0107  0826               	movf	___awdiv@sign,w
   978  0108  1903               	btfsc	3,2
   979  0109  290B               	goto	u281
   980  010A  290C               	goto	u280
   981  010B                     u281:
   982  010B  2911               	goto	l1074
   983  010C                     u280:
   984  010C                     l1072:
   985  010C  09A7               	comf	___awdiv@quotient,f
   986  010D  09A8               	comf	___awdiv@quotient+1,f
   987  010E  0AA7               	incf	___awdiv@quotient,f
   988  010F  1903               	skipnz
   989  0110  0AA8               	incf	___awdiv@quotient+1,f
   990  0111                     l1074:
   991  0111  0828               	movf	___awdiv@quotient+1,w
   992  0112  00A1               	movwf	?___awdiv+1
   993  0113  0827               	movf	___awdiv@quotient,w
   994  0114  00A0               	movwf	?___awdiv
   995  0115                     l353:
   996  0115  0008               	return
   997  0116                     __end_of___awdiv:
   998                           
   999                           	psect	text5
  1000  01E2                     __ptext5:	
  1001 ;; *************** function _isr *****************
  1002 ;; Defined at:
  1003 ;;		line 63 in file "Main_lab7.c"
  1004 ;; Parameters:    Size  Location     Type
  1005 ;;		None
  1006 ;; Auto vars:     Size  Location     Type
  1007 ;;		None
  1008 ;; Return value:  Size  Location     Type
  1009 ;;                  1    wreg      void 
  1010 ;; Registers used:
  1011 ;;		wreg, fsr0l, fsr0h, status,2, status,0, pclath, cstack
  1012 ;; Tracked objects:
  1013 ;;		On entry : 0/0
  1014 ;;		On exit  : 0/0
  1015 ;;		Unchanged: 0/0
  1016 ;; Data sizes:     COMMON   BANK0   BANK1   BANK3   BANK2
  1017 ;;      Params:         0       0       0       0       0
  1018 ;;      Locals:         0       0       0       0       0
  1019 ;;      Temps:          4       0       0       0       0
  1020 ;;      Totals:         4       0       0       0       0
  1021 ;;Total ram usage:        4 bytes
  1022 ;; Hardware stack levels used: 1
  1023 ;; Hardware stack levels required when called: 2
  1024 ;; This function calls:
  1025 ;;		_multi
  1026 ;; This function is called by:
  1027 ;;		Interrupt level 1
  1028 ;; This function uses a non-reentrant model
  1029 ;;
  1030                           
  1031  01E2                     _isr:	
  1032                           ;psect for function _isr
  1033                           
  1034  01E2                     i1l1176:
  1035                           
  1036                           ;Main_lab7.c: 64:     if(INTCONbits.RBIF){
  1037  01E2  1C0B               	btfss	11,0	;volatile
  1038  01E3  29E5               	goto	u29_21
  1039  01E4  29E6               	goto	u29_20
  1040  01E5                     u29_21:
  1041  01E5  29F7               	goto	i1l1188
  1042  01E6                     u29_20:
  1043  01E6                     i1l1178:
  1044                           
  1045                           ;Main_lab7.c: 65:         if(RB0 == 1){
  1046  01E6  1283               	bcf	3,5	;RP0=0, select bank0
  1047  01E7  1303               	bcf	3,6	;RP1=0, select bank0
  1048  01E8  1C06               	btfss	6,0	;volatile
  1049  01E9  29EB               	goto	u30_21
  1050  01EA  29EC               	goto	u30_20
  1051  01EB                     u30_21:
  1052  01EB  29EE               	goto	i1l1182
  1053  01EC                     u30_20:
  1054  01EC                     i1l1180:
  1055                           
  1056                           ;Main_lab7.c: 66:             PORTA--;
  1057  01EC  3001               	movlw	1
  1058  01ED  0285               	subwf	5,f	;volatile
  1059  01EE                     i1l1182:
  1060                           
  1061                           ;Main_lab7.c: 68:         if(RB1 == 1){
  1062  01EE  1C86               	btfss	6,1	;volatile
  1063  01EF  29F1               	goto	u31_21
  1064  01F0  29F2               	goto	u31_20
  1065  01F1                     u31_21:
  1066  01F1  29F6               	goto	i1l1186
  1067  01F2                     u31_20:
  1068  01F2                     i1l1184:
  1069                           
  1070                           ;Main_lab7.c: 69:             PORTA++;
  1071  01F2  3001               	movlw	1
  1072  01F3  00F7               	movwf	??_isr
  1073  01F4  0877               	movf	??_isr,w
  1074  01F5  0785               	addwf	5,f	;volatile
  1075  01F6                     i1l1186:
  1076                           
  1077                           ;Main_lab7.c: 73:           INTCONbits.RBIF = 0;
  1078  01F6  100B               	bcf	11,0	;volatile
  1079  01F7                     i1l1188:
  1080                           
  1081                           ;Main_lab7.c: 75:     if(INTCONbits.T0IF){
  1082  01F7  1D0B               	btfss	11,2	;volatile
  1083  01F8  29FA               	goto	u32_21
  1084  01F9  29FB               	goto	u32_20
  1085  01FA                     u32_21:
  1086  01FA  2A05               	goto	i1l71
  1087  01FB                     u32_20:
  1088  01FB                     i1l1190:
  1089                           
  1090                           ;Main_lab7.c: 76:         multi();
  1091  01FB  120A  118A  2165  120A  118A  	fcall	_multi
  1092  0200                     i1l1192:
  1093                           
  1094                           ;Main_lab7.c: 77:         TMR0 = var_tmr0;
  1095  0200  1283               	bcf	3,5	;RP0=0, select bank0
  1096  0201  1303               	bcf	3,6	;RP1=0, select bank0
  1097  0202  082F               	movf	_var_tmr0,w
  1098  0203  0081               	movwf	1	;volatile
  1099  0204                     i1l1194:
  1100                           
  1101                           ;Main_lab7.c: 78:         INTCONbits.T0IF = 0;
  1102  0204  110B               	bcf	11,2	;volatile
  1103  0205                     i1l71:
  1104  0205  087A               	movf	??_isr+3,w
  1105  0206  008A               	movwf	10
  1106  0207  0879               	movf	??_isr+2,w
  1107  0208  0084               	movwf	4
  1108  0209  0E78               	swapf	??_isr+1,w
  1109  020A  0083               	movwf	3
  1110  020B  0EFE               	swapf	btemp,f
  1111  020C  0E7E               	swapf	btemp,w
  1112  020D  0009               	retfie
  1113  020E                     __end_of_isr:
  1114                           
  1115                           	psect	intentry
  1116  0004                     __pintentry:	
  1117                           ;incstack = 0
  1118                           ; Regs used in _isr: [wreg-fsr0h+status,2+status,0+pclath+cstack]
  1119                           
  1120  0004                     interrupt_function:
  1121  007E                     saved_w	set	btemp
  1122  0004  00FE               	movwf	btemp
  1123  0005  0E03               	swapf	3,w
  1124  0006  00F8               	movwf	??_isr+1
  1125  0007  0804               	movf	4,w
  1126  0008  00F9               	movwf	??_isr+2
  1127  0009  080A               	movf	10,w
  1128  000A  00FA               	movwf	??_isr+3
  1129  000B  120A  118A  29E2   	ljmp	_isr
  1130                           
  1131                           	psect	text6
  1132  0165                     __ptext6:	
  1133 ;; *************** function _multi *****************
  1134 ;; Defined at:
  1135 ;;		line 151 in file "Main_lab7.c"
  1136 ;; Parameters:    Size  Location     Type
  1137 ;;		None
  1138 ;; Auto vars:     Size  Location     Type
  1139 ;;		None
  1140 ;; Return value:  Size  Location     Type
  1141 ;;                  1    wreg      void 
  1142 ;; Registers used:
  1143 ;;		wreg, fsr0l, fsr0h, status,2, status,0, pclath, cstack
  1144 ;; Tracked objects:
  1145 ;;		On entry : 0/0
  1146 ;;		On exit  : 0/0
  1147 ;;		Unchanged: 0/0
  1148 ;; Data sizes:     COMMON   BANK0   BANK1   BANK3   BANK2
  1149 ;;      Params:         0       0       0       0       0
  1150 ;;      Locals:         0       0       0       0       0
  1151 ;;      Temps:          2       0       0       0       0
  1152 ;;      Totals:         2       0       0       0       0
  1153 ;;Total ram usage:        2 bytes
  1154 ;; Hardware stack levels used: 1
  1155 ;; Hardware stack levels required when called: 1
  1156 ;; This function calls:
  1157 ;;		_Tabla
  1158 ;; This function is called by:
  1159 ;;		_isr
  1160 ;; This function uses a non-reentrant model
  1161 ;;
  1162                           
  1163  0165                     _multi:	
  1164                           ;psect for function _multi
  1165                           
  1166  0165                     i1l1078:	
  1167                           ;incstack = 0
  1168                           ; Regs used in _multi: [wreg-fsr0h+status,2+status,0+pclath+cstack]
  1169                           
  1170                           
  1171                           ;Main_lab7.c: 152:     PORTE = 0;
  1172  0165  1283               	bcf	3,5	;RP0=0, select bank0
  1173  0166  1303               	bcf	3,6	;RP1=0, select bank0
  1174  0167  0189               	clrf	9	;volatile
  1175  0168                     i1l1080:
  1176                           
  1177                           ;Main_lab7.c: 153:     bandera++;
  1178  0168  3001               	movlw	1
  1179  0169  00F5               	movwf	??_multi
  1180  016A  0875               	movf	??_multi,w
  1181  016B  07FD               	addwf	_bandera,f
  1182                           
  1183                           ;Main_lab7.c: 154:     switch(bandera){
  1184  016C  29A1               	goto	i1l1108
  1185  016D                     i1l1082:
  1186                           
  1187                           ;Main_lab7.c: 156:             PORTD = 0;
  1188  016D  0188               	clrf	8	;volatile
  1189  016E                     i1l1084:
  1190                           
  1191                           ;Main_lab7.c: 157:             PORTE = 0b001;
  1192  016E  3001               	movlw	1
  1193  016F  0089               	movwf	9	;volatile
  1194  0170                     i1l1086:
  1195                           
  1196                           ;Main_lab7.c: 158:             segU = Tabla(centenas);
  1197  0170  082C               	movf	_centenas,w
  1198  0171  120A  118A  201B  120A  118A  	fcall	_Tabla
  1199  0176  00F5               	movwf	??_multi
  1200  0177  0875               	movf	??_multi,w
  1201  0178  00FC               	movwf	_segU
  1202  0179                     i1l1088:
  1203                           
  1204                           ;Main_lab7.c: 159:             PORTD = segU;
  1205  0179  087C               	movf	_segU,w
  1206  017A  1283               	bcf	3,5	;RP0=0, select bank0
  1207  017B  1303               	bcf	3,6	;RP1=0, select bank0
  1208  017C  0088               	movwf	8	;volatile
  1209                           
  1210                           ;Main_lab7.c: 160:             break;
  1211  017D  29B3               	goto	i1l90
  1212  017E                     i1l1090:
  1213                           
  1214                           ;Main_lab7.c: 162:             PORTD = 0;
  1215  017E  0188               	clrf	8	;volatile
  1216  017F                     i1l1092:
  1217                           
  1218                           ;Main_lab7.c: 163:             PORTE = 0b010;
  1219  017F  3002               	movlw	2
  1220  0180  0089               	movwf	9	;volatile
  1221  0181                     i1l1094:
  1222                           
  1223                           ;Main_lab7.c: 164:             segD = Tabla(decenas);
  1224  0181  082D               	movf	_decenas,w
  1225  0182  120A  118A  201B  120A  118A  	fcall	_Tabla
  1226  0187  00F5               	movwf	??_multi
  1227  0188  0875               	movf	??_multi,w
  1228  0189  00FB               	movwf	_segD
  1229  018A                     i1l1096:
  1230                           
  1231                           ;Main_lab7.c: 165:             PORTD = segD;
  1232  018A  087B               	movf	_segD,w
  1233  018B  1283               	bcf	3,5	;RP0=0, select bank0
  1234  018C  1303               	bcf	3,6	;RP1=0, select bank0
  1235  018D  0088               	movwf	8	;volatile
  1236                           
  1237                           ;Main_lab7.c: 166:             break;
  1238  018E  29B3               	goto	i1l90
  1239  018F                     i1l1098:
  1240                           
  1241                           ;Main_lab7.c: 168:             PORTD = 0;
  1242  018F  0188               	clrf	8	;volatile
  1243  0190                     i1l1100:
  1244                           
  1245                           ;Main_lab7.c: 169:             PORTE = 0b100;
  1246  0190  3004               	movlw	4
  1247  0191  0089               	movwf	9	;volatile
  1248  0192                     i1l1102:
  1249                           
  1250                           ;Main_lab7.c: 170:             segC = Tabla(unidades);
  1251  0192  082E               	movf	_unidades,w
  1252  0193  120A  118A  201B  120A  118A  	fcall	_Tabla
  1253  0198  00F5               	movwf	??_multi
  1254  0199  0875               	movf	??_multi,w
  1255  019A  1283               	bcf	3,5	;RP0=0, select bank0
  1256  019B  1303               	bcf	3,6	;RP1=0, select bank0
  1257  019C  00B0               	movwf	_segC
  1258  019D                     i1l1104:
  1259                           
  1260                           ;Main_lab7.c: 171:             PORTD= segC;
  1261  019D  0830               	movf	_segC,w
  1262  019E  0088               	movwf	8	;volatile
  1263  019F                     i1l1106:
  1264                           
  1265                           ;Main_lab7.c: 172:             bandera = 0;
  1266  019F  01FD               	clrf	_bandera
  1267                           
  1268                           ;Main_lab7.c: 174:     }
  1269  01A0  29B3               	goto	i1l90
  1270  01A1                     i1l1108:
  1271  01A1  087D               	movf	_bandera,w
  1272  01A2  00F5               	movwf	??_multi
  1273  01A3  01F6               	clrf	??_multi+1
  1274  01A4  1BF5               	btfsc	??_multi,7
  1275  01A5  03F6               	decf	??_multi+1,f
  1276                           
  1277                           ; Switch on 2 bytes has been partitioned into a top level switch of size 1, and 1 sub-sw
      +                          itches
  1278                           ; Switch size 1, requested type "simple"
  1279                           ; Number of cases is 1, Range of values is 0 to 0
  1280                           ; switch strategies available:
  1281                           ; Name         Instructions Cycles
  1282                           ; simple_byte            4     3 (average)
  1283                           ; direct_byte           11     8 (fixed)
  1284                           ; jumptable            260     6 (fixed)
  1285                           ;	Chosen strategy is simple_byte
  1286  01A6  0876               	movf	??_multi+1,w
  1287  01A7  3A00               	xorlw	0	; case 0
  1288  01A8  1903               	skipnz
  1289  01A9  29AB               	goto	i1l1242
  1290  01AA  298F               	goto	i1l1098
  1291  01AB                     i1l1242:
  1292                           
  1293                           ; Switch size 1, requested type "simple"
  1294                           ; Number of cases is 2, Range of values is 1 to 2
  1295                           ; switch strategies available:
  1296                           ; Name         Instructions Cycles
  1297                           ; simple_byte            7     4 (average)
  1298                           ; direct_byte           17    11 (fixed)
  1299                           ; jumptable            263     9 (fixed)
  1300                           ;	Chosen strategy is simple_byte
  1301  01AB  0875               	movf	??_multi,w
  1302  01AC  3A01               	xorlw	1	; case 1
  1303  01AD  1903               	skipnz
  1304  01AE  296D               	goto	i1l1082
  1305  01AF  3A03               	xorlw	3	; case 2
  1306  01B0  1903               	skipnz
  1307  01B1  297E               	goto	i1l1090
  1308  01B2  298F               	goto	i1l1098
  1309  01B3                     i1l90:
  1310  01B3  0008               	return
  1311  01B4                     __end_of_multi:
  1312                           
  1313                           	psect	text7
  1314  001B                     __ptext7:	
  1315 ;; *************** function _Tabla *****************
  1316 ;; Defined at:
  1317 ;;		line 185 in file "Main_lab7.c"
  1318 ;; Parameters:    Size  Location     Type
  1319 ;;  numero7         1    wreg     unsigned char 
  1320 ;; Auto vars:     Size  Location     Type
  1321 ;;  numero7         1    2[COMMON] unsigned char 
  1322 ;;  valor           1    4[COMMON] unsigned char 
  1323 ;;  seg             1    3[COMMON] unsigned char 
  1324 ;; Return value:  Size  Location     Type
  1325 ;;                  1    wreg      unsigned char 
  1326 ;; Registers used:
  1327 ;;		wreg, fsr0l, fsr0h, status,2, status,0
  1328 ;; Tracked objects:
  1329 ;;		On entry : 0/0
  1330 ;;		On exit  : 0/0
  1331 ;;		Unchanged: 0/0
  1332 ;; Data sizes:     COMMON   BANK0   BANK1   BANK3   BANK2
  1333 ;;      Params:         0       0       0       0       0
  1334 ;;      Locals:         3       0       0       0       0
  1335 ;;      Temps:          2       0       0       0       0
  1336 ;;      Totals:         5       0       0       0       0
  1337 ;;Total ram usage:        5 bytes
  1338 ;; Hardware stack levels used: 1
  1339 ;; This function calls:
  1340 ;;		Nothing
  1341 ;; This function is called by:
  1342 ;;		_multi
  1343 ;; This function uses a non-reentrant model
  1344 ;;
  1345                           
  1346  001B                     _Tabla:	
  1347                           ;psect for function _Tabla
  1348                           
  1349                           
  1350                           ;incstack = 0
  1351                           ; Regs used in _Tabla: [wreg-fsr0h+status,2+status,0]
  1352                           ;Tabla@numero7 stored from wreg
  1353  001B  00F2               	movwf	Tabla@numero7
  1354  001C                     i1l974:
  1355                           
  1356                           ;Main_lab7.c: 185: uint8_t Tabla(uint8_t numero7);Main_lab7.c: 186: {;Main_lab7.c: 190: 
      +                              uint8_t valor, seg;;Main_lab7.c: 191:     seg = numero7;
  1357  001C  0872               	movf	Tabla@numero7,w
  1358  001D  00F0               	movwf	??_Tabla
  1359  001E  0870               	movf	??_Tabla,w
  1360  001F  00F3               	movwf	Tabla@seg
  1361                           
  1362                           ;Main_lab7.c: 193:     switch(seg)
  1363  0020  2871               	goto	i1l1010
  1364  0021                     i1l976:
  1365                           
  1366                           ;Main_lab7.c: 196:             valor= 0b00111111;
  1367  0021  303F               	movlw	63
  1368  0022  00F0               	movwf	??_Tabla
  1369  0023  0870               	movf	??_Tabla,w
  1370  0024  00F4               	movwf	Tabla@valor
  1371                           
  1372                           ;Main_lab7.c: 197:             break;
  1373  0025  28AB               	goto	i1l1012
  1374  0026                     i1l978:
  1375                           
  1376                           ;Main_lab7.c: 199:             valor= 0b00000110;
  1377  0026  3006               	movlw	6
  1378  0027  00F0               	movwf	??_Tabla
  1379  0028  0870               	movf	??_Tabla,w
  1380  0029  00F4               	movwf	Tabla@valor
  1381                           
  1382                           ;Main_lab7.c: 200:             break;
  1383  002A  28AB               	goto	i1l1012
  1384  002B                     i1l980:
  1385                           
  1386                           ;Main_lab7.c: 202:             valor= 0b01011011;
  1387  002B  305B               	movlw	91
  1388  002C  00F0               	movwf	??_Tabla
  1389  002D  0870               	movf	??_Tabla,w
  1390  002E  00F4               	movwf	Tabla@valor
  1391                           
  1392                           ;Main_lab7.c: 203:             break;
  1393  002F  28AB               	goto	i1l1012
  1394  0030                     i1l982:
  1395                           
  1396                           ;Main_lab7.c: 205:             valor= 0b01001111;
  1397  0030  304F               	movlw	79
  1398  0031  00F0               	movwf	??_Tabla
  1399  0032  0870               	movf	??_Tabla,w
  1400  0033  00F4               	movwf	Tabla@valor
  1401                           
  1402                           ;Main_lab7.c: 206:             break;
  1403  0034  28AB               	goto	i1l1012
  1404  0035                     i1l984:
  1405                           
  1406                           ;Main_lab7.c: 208:             valor= 0b01100110;
  1407  0035  3066               	movlw	102
  1408  0036  00F0               	movwf	??_Tabla
  1409  0037  0870               	movf	??_Tabla,w
  1410  0038  00F4               	movwf	Tabla@valor
  1411                           
  1412                           ;Main_lab7.c: 209:             break;
  1413  0039  28AB               	goto	i1l1012
  1414  003A                     i1l986:
  1415                           
  1416                           ;Main_lab7.c: 211:             valor= 0b01101101;
  1417  003A  306D               	movlw	109
  1418  003B  00F0               	movwf	??_Tabla
  1419  003C  0870               	movf	??_Tabla,w
  1420  003D  00F4               	movwf	Tabla@valor
  1421                           
  1422                           ;Main_lab7.c: 212:             break;
  1423  003E  28AB               	goto	i1l1012
  1424  003F                     i1l988:
  1425                           
  1426                           ;Main_lab7.c: 214:             valor= 0b01111101;
  1427  003F  307D               	movlw	125
  1428  0040  00F0               	movwf	??_Tabla
  1429  0041  0870               	movf	??_Tabla,w
  1430  0042  00F4               	movwf	Tabla@valor
  1431                           
  1432                           ;Main_lab7.c: 215:             break;
  1433  0043  28AB               	goto	i1l1012
  1434  0044                     i1l990:
  1435                           
  1436                           ;Main_lab7.c: 217:             valor= 0b00000111;
  1437  0044  3007               	movlw	7
  1438  0045  00F0               	movwf	??_Tabla
  1439  0046  0870               	movf	??_Tabla,w
  1440  0047  00F4               	movwf	Tabla@valor
  1441                           
  1442                           ;Main_lab7.c: 218:             break;
  1443  0048  28AB               	goto	i1l1012
  1444  0049                     i1l992:
  1445                           
  1446                           ;Main_lab7.c: 220:             valor= 0b01111111;
  1447  0049  307F               	movlw	127
  1448  004A  00F0               	movwf	??_Tabla
  1449  004B  0870               	movf	??_Tabla,w
  1450  004C  00F4               	movwf	Tabla@valor
  1451                           
  1452                           ;Main_lab7.c: 221:             break;
  1453  004D  28AB               	goto	i1l1012
  1454  004E                     i1l994:
  1455                           
  1456                           ;Main_lab7.c: 223:             valor= 0b01101111;
  1457  004E  306F               	movlw	111
  1458  004F  00F0               	movwf	??_Tabla
  1459  0050  0870               	movf	??_Tabla,w
  1460  0051  00F4               	movwf	Tabla@valor
  1461                           
  1462                           ;Main_lab7.c: 224:             break;
  1463  0052  28AB               	goto	i1l1012
  1464  0053                     i1l996:
  1465                           
  1466                           ;Main_lab7.c: 226:             valor= 0b01110111;
  1467  0053  3077               	movlw	119
  1468  0054  00F0               	movwf	??_Tabla
  1469  0055  0870               	movf	??_Tabla,w
  1470  0056  00F4               	movwf	Tabla@valor
  1471                           
  1472                           ;Main_lab7.c: 227:             break;
  1473  0057  28AB               	goto	i1l1012
  1474  0058                     i1l998:
  1475                           
  1476                           ;Main_lab7.c: 229:             valor= 0b01111100;
  1477  0058  307C               	movlw	124
  1478  0059  00F0               	movwf	??_Tabla
  1479  005A  0870               	movf	??_Tabla,w
  1480  005B  00F4               	movwf	Tabla@valor
  1481                           
  1482                           ;Main_lab7.c: 230:             break;
  1483  005C  28AB               	goto	i1l1012
  1484  005D                     i1l1000:
  1485                           
  1486                           ;Main_lab7.c: 232:             valor= 0b00111001;
  1487  005D  3039               	movlw	57
  1488  005E  00F0               	movwf	??_Tabla
  1489  005F  0870               	movf	??_Tabla,w
  1490  0060  00F4               	movwf	Tabla@valor
  1491                           
  1492                           ;Main_lab7.c: 233:             break;
  1493  0061  28AB               	goto	i1l1012
  1494  0062                     i1l1002:
  1495                           
  1496                           ;Main_lab7.c: 235:             valor= 0b01011110;
  1497  0062  305E               	movlw	94
  1498  0063  00F0               	movwf	??_Tabla
  1499  0064  0870               	movf	??_Tabla,w
  1500  0065  00F4               	movwf	Tabla@valor
  1501                           
  1502                           ;Main_lab7.c: 236:             break;
  1503  0066  28AB               	goto	i1l1012
  1504  0067                     i1l1004:
  1505                           
  1506                           ;Main_lab7.c: 238:             valor= 0b01111001;
  1507  0067  3079               	movlw	121
  1508  0068  00F0               	movwf	??_Tabla
  1509  0069  0870               	movf	??_Tabla,w
  1510  006A  00F4               	movwf	Tabla@valor
  1511                           
  1512                           ;Main_lab7.c: 239:             break;
  1513  006B  28AB               	goto	i1l1012
  1514  006C                     i1l1006:
  1515                           
  1516                           ;Main_lab7.c: 241:             valor= 0b01110001;
  1517  006C  3071               	movlw	113
  1518  006D  00F0               	movwf	??_Tabla
  1519  006E  0870               	movf	??_Tabla,w
  1520  006F  00F4               	movwf	Tabla@valor
  1521                           
  1522                           ;Main_lab7.c: 242:             break;
  1523  0070  28AB               	goto	i1l1012
  1524  0071                     i1l1010:
  1525  0071  0873               	movf	Tabla@seg,w
  1526  0072  00F0               	movwf	??_Tabla
  1527  0073  01F1               	clrf	??_Tabla+1
  1528                           
  1529                           ; Switch on 2 bytes has been partitioned into a top level switch of size 1, and 1 sub-sw
      +                          itches
  1530                           ; Switch size 1, requested type "simple"
  1531                           ; Number of cases is 1, Range of values is 0 to 0
  1532                           ; switch strategies available:
  1533                           ; Name         Instructions Cycles
  1534                           ; simple_byte            4     3 (average)
  1535                           ; direct_byte           11     8 (fixed)
  1536                           ; jumptable            260     6 (fixed)
  1537                           ;	Chosen strategy is simple_byte
  1538  0074  0871               	movf	??_Tabla+1,w
  1539  0075  3A00               	xorlw	0	; case 0
  1540  0076  1903               	skipnz
  1541  0077  2879               	goto	i1l1244
  1542  0078  28AB               	goto	i1l1012
  1543  0079                     i1l1244:
  1544                           
  1545                           ; Switch size 1, requested type "simple"
  1546                           ; Number of cases is 16, Range of values is 0 to 15
  1547                           ; switch strategies available:
  1548                           ; Name         Instructions Cycles
  1549                           ; simple_byte           49    25 (average)
  1550                           ; direct_byte           56     8 (fixed)
  1551                           ; jumptable            260     6 (fixed)
  1552                           ;	Chosen strategy is simple_byte
  1553  0079  0870               	movf	??_Tabla,w
  1554  007A  3A00               	xorlw	0	; case 0
  1555  007B  1903               	skipnz
  1556  007C  2821               	goto	i1l976
  1557  007D  3A01               	xorlw	1	; case 1
  1558  007E  1903               	skipnz
  1559  007F  2826               	goto	i1l978
  1560  0080  3A03               	xorlw	3	; case 2
  1561  0081  1903               	skipnz
  1562  0082  282B               	goto	i1l980
  1563  0083  3A01               	xorlw	1	; case 3
  1564  0084  1903               	skipnz
  1565  0085  2830               	goto	i1l982
  1566  0086  3A07               	xorlw	7	; case 4
  1567  0087  1903               	skipnz
  1568  0088  2835               	goto	i1l984
  1569  0089  3A01               	xorlw	1	; case 5
  1570  008A  1903               	skipnz
  1571  008B  283A               	goto	i1l986
  1572  008C  3A03               	xorlw	3	; case 6
  1573  008D  1903               	skipnz
  1574  008E  283F               	goto	i1l988
  1575  008F  3A01               	xorlw	1	; case 7
  1576  0090  1903               	skipnz
  1577  0091  2844               	goto	i1l990
  1578  0092  3A0F               	xorlw	15	; case 8
  1579  0093  1903               	skipnz
  1580  0094  2849               	goto	i1l992
  1581  0095  3A01               	xorlw	1	; case 9
  1582  0096  1903               	skipnz
  1583  0097  284E               	goto	i1l994
  1584  0098  3A03               	xorlw	3	; case 10
  1585  0099  1903               	skipnz
  1586  009A  2853               	goto	i1l996
  1587  009B  3A01               	xorlw	1	; case 11
  1588  009C  1903               	skipnz
  1589  009D  2858               	goto	i1l998
  1590  009E  3A07               	xorlw	7	; case 12
  1591  009F  1903               	skipnz
  1592  00A0  285D               	goto	i1l1000
  1593  00A1  3A01               	xorlw	1	; case 13
  1594  00A2  1903               	skipnz
  1595  00A3  2862               	goto	i1l1002
  1596  00A4  3A03               	xorlw	3	; case 14
  1597  00A5  1903               	skipnz
  1598  00A6  2867               	goto	i1l1004
  1599  00A7  3A01               	xorlw	1	; case 15
  1600  00A8  1903               	skipnz
  1601  00A9  286C               	goto	i1l1006
  1602  00AA  28AB               	goto	i1l1012
  1603  00AB                     i1l1012:
  1604                           
  1605                           ;Main_lab7.c: 244:     return valor;
  1606  00AB  0874               	movf	Tabla@valor,w
  1607  00AC                     i1l114:
  1608  00AC  0008               	return
  1609  00AD                     __end_of_Tabla:
  1610  007E                     btemp	set	126	;btemp
  1611  007E                     wtemp0	set	126
  1612                           
  1613                           	psect	idloc
  1614                           
  1615                           ;Config register IDLOC0 @ 0x2000
  1616                           ;	unspecified, using default values
  1617  2000                     	org	8192
  1618  2000  3FFF               	dw	16383
  1619                           
  1620                           ;Config register IDLOC1 @ 0x2001
  1621                           ;	unspecified, using default values
  1622  2001                     	org	8193
  1623  2001  3FFF               	dw	16383
  1624                           
  1625                           ;Config register IDLOC2 @ 0x2002
  1626                           ;	unspecified, using default values
  1627  2002                     	org	8194
  1628  2002  3FFF               	dw	16383
  1629                           
  1630                           ;Config register IDLOC3 @ 0x2003
  1631                           ;	unspecified, using default values
  1632  2003                     	org	8195
  1633  2003  3FFF               	dw	16383
  1634                           
  1635                           	psect	config
  1636                           
  1637                           ;Config register CONFIG1 @ 0x2007
  1638                           ;	Oscillator Selection bits
  1639                           ;	FOSC = INTRC_NOCLKOUT, INTOSCIO oscillator: I/O function on RA6/OSC2/CLKOUT pin, I/O f
      +                          unction on RA7/OSC1/CLKIN
  1640                           ;	Watchdog Timer Enable bit
  1641                           ;	WDTE = OFF, WDT disabled and can be enabled by SWDTEN bit of the WDTCON register
  1642                           ;	Power-up Timer Enable bit
  1643                           ;	PWRTE = OFF, PWRT disabled
  1644                           ;	RE3/MCLR pin function select bit
  1645                           ;	MCLRE = OFF, RE3/MCLR pin function is digital input, MCLR internally tied to VDD
  1646                           ;	Code Protection bit
  1647                           ;	CP = OFF, Program memory code protection is disabled
  1648                           ;	Data Code Protection bit
  1649                           ;	CPD = OFF, Data memory code protection is disabled
  1650                           ;	Brown Out Reset Selection bits
  1651                           ;	BOREN = OFF, BOR disabled
  1652                           ;	Internal External Switchover bit
  1653                           ;	IESO = OFF, Internal/External Switchover mode is disabled
  1654                           ;	Fail-Safe Clock Monitor Enabled bit
  1655                           ;	FCMEN = OFF, Fail-Safe Clock Monitor is disabled
  1656                           ;	Low Voltage Programming Enable bit
  1657                           ;	LVP = OFF, RB3 pin has digital I/O, HV on MCLR must be used for programming
  1658                           ;	In-Circuit Debugger Mode bit
  1659                           ;	DEBUG = 0x1, unprogrammed default
  1660  2007                     	org	8199
  1661  2007  20D4               	dw	8404
  1662                           
  1663                           ;Config register CONFIG2 @ 0x2008
  1664                           ;	Brown-out Reset Selection bit
  1665                           ;	BOR4V = BOR40V, Brown-out Reset set to 4.0V
  1666                           ;	Flash Program Memory Self Write Enable bits
  1667                           ;	WRT = OFF, Write protection off
  1668  2008                     	org	8200
  1669  2008  3FFF               	dw	16383

Data Sizes:
    Strings     0
    Constant    0
    Data        0
    BSS         4
    Persistent  5
    Stack       0

Auto Spaces:
    Space          Size  Autos    Used
    COMMON           14     11      14
    BANK0            80     11      17
    BANK1            80      0       0
    BANK3            96      0       0
    BANK2            96      0       0

Pointer List with Targets:

    None.

Critical Paths under _main in COMMON

    None.

Critical Paths under _isr in COMMON

    _isr->_multi
    _multi->_Tabla

Critical Paths under _main in BANK0

    _main->_convertir
    _convertir->___awdiv

Critical Paths under _isr in BANK0

    None.

Critical Paths under _main in BANK1

    None.

Critical Paths under _isr in BANK1

    None.

Critical Paths under _main in BANK3

    None.

Critical Paths under _isr in BANK3

    None.

Critical Paths under _main in BANK2

    None.

Critical Paths under _isr in BANK2

    None.

Call Graph Tables:

 ---------------------------------------------------------------------------------
 (Depth) Function   	        Calls       Base Space   Used Autos Params    Refs
 ---------------------------------------------------------------------------------
 (0) _main                                                 0     0      0     848
                          _convertir
                              _setup
 ---------------------------------------------------------------------------------
 (1) _setup                                                1     1      0       0
                                              0 BANK0      1     1      0
 ---------------------------------------------------------------------------------
 (1) _convertir                                            2     2      0     848
                                              9 BANK0      2     2      0
                            ___awdiv
                             ___bmul
 ---------------------------------------------------------------------------------
 (2) ___bmul                                               4     3      1     244
                                              0 BANK0      4     3      1
 ---------------------------------------------------------------------------------
 (2) ___awdiv                                              9     5      4     604
                                              0 BANK0      9     5      4
 ---------------------------------------------------------------------------------
 Estimated maximum stack depth 2
 ---------------------------------------------------------------------------------
 (Depth) Function   	        Calls       Base Space   Used Autos Params    Refs
 ---------------------------------------------------------------------------------
 (3) _isr                                                  4     4      0      83
                                              7 COMMON     4     4      0
                              _multi
 ---------------------------------------------------------------------------------
 (4) _multi                                                2     2      0      83
                                              5 COMMON     2     2      0
                              _Tabla
 ---------------------------------------------------------------------------------
 (5) _Tabla                                                5     5      0      83
                                              0 COMMON     5     5      0
 ---------------------------------------------------------------------------------
 Estimated maximum stack depth 5
 ---------------------------------------------------------------------------------

 Call Graph Graphs:

 _main (ROOT)
   _convertir
     ___awdiv
     ___bmul
   _setup

 _isr (ROOT)
   _multi
     _Tabla

 Address spaces:
Name               Size   Autos  Total    Cost      Usage
BITCOMMON            E      0       0       0        0.0%
EEDATA             100      0       0       0        0.0%
NULL                 0      0       0       0        0.0%
CODE                 0      0       0       0        0.0%
COMMON               E      B       E       1      100.0%
BITSFR0              0      0       0       1        0.0%
SFR0                 0      0       0       1        0.0%
BITSFR1              0      0       0       2        0.0%
SFR1                 0      0       0       2        0.0%
STACK                0      0       0       2        0.0%
ABS                  0      0      1F       3        0.0%
BITBANK0            50      0       0       4        0.0%
BITSFR3              0      0       0       4        0.0%
SFR3                 0      0       0       4        0.0%
BANK0               50      B      11       5       21.2%
BITSFR2              0      0       0       5        0.0%
SFR2                 0      0       0       5        0.0%
BITBANK1            50      0       0       6        0.0%
BANK1               50      0       0       7        0.0%
BITBANK3            60      0       0       8        0.0%
BANK3               60      0       0       9        0.0%
BITBANK2            60      0       0      10        0.0%
BANK2               60      0       0      11        0.0%
DATA                 0      0      1F      12        0.0%


Microchip Technology PIC Macro Assembler V2.35 build 20211206165544 
Symbol Table                                                                                   Sat Apr 09 12:02:55 2022

         ___bmul@product 0022                       l82 01E1                       l76 022A  
                     l93 0164             ___awdiv@sign 0026                      l226 0224  
                    l353 0115                      _RB0 0030                      _RB1 0031  
                    u200 00BF                      u201 00BE                      u210 00D0  
                    u211 00CF                      u230 00E2                      u231 00E1  
                    u225 00D4                      u250 00F3                      u170 0216  
                    u251 00F2                      u171 0215                      u180 0223  
                    u245 00E3                      u181 0222                      u270 0107  
                    u190 00B4                      u271 0106                      u255 00EF  
                    u191 00B3                      u280 010C                      u281 010B  
                    u265 00FB                      _isr 01E2                      fsr0 0004  
                   l1020 0211                     l1030 0223                     l1022 0212  
                   l1040 00B9                     l1024 0216                     l1120 01BE  
                   l1200 022F                     l1050 00CA                     l1042 00BB  
                   l1034 00AD                     l1026 021A                     l1130 01C7  
                   l1122 01C1                     l1114 01B4                     l1060 00E2  
                   l1052 00D0                     l1044 00BF                     l1036 00B0  
                   l1028 021C                     l1140 01D0                     l1132 01C8  
                   l1124 01C2                     l1116 01BA                     l1062 00F3  
                   l1054 00D3                     l1070 0107                     l1046 00C4  
                   l1038 00B4                     l1150 01D5                     l1142 01D1  
                   l1134 01C9                     l1126 01C3                     l1118 01BD  
                   l1072 010C                     l1064 00F9                     l1056 00DA  
                   l1048 00C8                     l1160 01DA                     l1152 01D6  
                   l1144 01D2                     l1136 01CE                     l1128 01C4  
                   l1074 0111                     l1066 00FA                     l1058 00DE  
                   l1170 0130                     l1162 01DB                     l1154 01D7  
                   l1146 01D3                     l1138 01CF                     l1068 0101  
                   l1172 0140                     l1164 01DC                     l1156 01D8  
                   l1148 01D4                     l1174 0154                     l1166 0116  
                   l1158 01D9                     l1168 011C                     l1198 0225  
                   ?_isr 0070                     i1l71 0205                     i1l90 01B3  
                   _TMR0 0001                     _main 0225                     _segC 0030  
                   _segD 007B                     _segU 007C                     btemp 007E  
                   start 000E        ___bmul@multiplier 0023                    ??_isr 0077  
             Tabla@valor 0074                    ?_main 0070          __end_of___awdiv 0116  
                  _ANSEL 0188          ___awdiv@divisor 0020                    i1l114 00AC  
                  i1l980 002B                    i1l990 0044                    i1l982 0030  
                  i1l974 001C                    i1l992 0049                    i1l984 0035  
                  i1l976 0021                    i1l994 004E                    i1l986 003A  
                  i1l978 0026                    i1l996 0053                    i1l988 003F  
                  i1l998 0058          ___awdiv@counter 0025                    u30_20 01EC  
                  u30_21 01EB                    u31_20 01F2                    u31_21 01F1  
                  u32_20 01FB                    u32_21 01FA                    _PORTA 0005  
                  _PORTC 0007                    _PORTD 0008                    _PORTE 0009  
                  u29_20 01E6                    u29_21 01E5                    _TRISA 0085  
                  _TRISB 0086                    _TRISC 0087                    _TRISD 0088  
                  _TRISE 0089                    _Tabla 001B                    _multi 0165  
                  _setup 01B4                    pclath 000A                    status 0003  
                  wtemp0 007E          __initialization 0011             __end_of_main 0237  
                 ??_main 002B                   ?_Tabla 0070         ___awdiv@dividend 0022  
                 ?_multi 0070                   ?_setup 0070                   _ANSELH 0189  
                 i1l1000 005D                   i1l1002 0062                   i1l1010 0071  
                 i1l1004 0067                   i1l1012 00AB                   i1l1100 0190  
                 i1l1006 006C                   i1l1102 0192                   i1l1104 019D  
                 i1l1106 019F                   i1l1108 01A1                   i1l1080 0168  
                 i1l1242 01AB                   i1l1090 017E                   i1l1082 016D  
                 i1l1244 0079                   i1l1092 017F                   i1l1084 016E  
                 i1l1180 01EC                   i1l1094 0181                   i1l1086 0170  
                 i1l1078 0165                   i1l1190 01FB                   i1l1182 01EE  
                 i1l1096 018A                   i1l1088 0179                   i1l1192 0200  
                 i1l1184 01F2                   i1l1176 01E2                   i1l1098 018F  
                 i1l1194 0204                   i1l1186 01F6                   i1l1178 01E6  
                 i1l1188 01F7                   ___bmul 020E                ??___awdiv 0024  
       ___awdiv@quotient 0027                   _numero 002B                   saved_w 007E  
__end_of__initialization 0017      ___bmul@multiplicand 0020            __end_of_Tabla 00AD  
         __pcstackCOMMON 0070            __end_of_multi 01B4            __end_of_setup 01E2  
         _OPTION_REGbits 0081                  ??_Tabla 0070                  ??_multi 0075  
                ??_setup 0020               __pbssBANK0 0030             Tabla@numero7 0072  
             __pmaintext 0225                  ?___bmul 0020               __pintentry 0004  
                ___awdiv 00AD                  _bandera 007D        __end_of_convertir 0165  
                _decenas 002D                  __ptext1 01B4                  __ptext2 0116  
                __ptext3 020E                  __ptext4 00AD                  __ptext5 01E2  
                __ptext6 0165                  __ptext7 001B     end_of_initialization 0017  
         __end_of___bmul 0225      start_initialization 0011              __end_of_isr 020E  
               ??___bmul 0021              __pbssCOMMON 007B                ___latbits 0002  
          __pcstackBANK0 0020                __pnvBANK0 002B                 ?___awdiv 0020  
              _convertir 0116        interrupt_function 0004                 _IOCBbits 0096  
             ?_convertir 0070                 _WPUBbits 0095                 Tabla@seg 0073  
               _centenas 002C                 _var_tmr0 002F                 _unidades 002E  
            ??_convertir 0029               _INTCONbits 000B                 intlevel1 0000  
